[debug] > Exec(early(addDefaultCommands), None, None)
[debug] > Exec(addDefaultCommands, None, None)
[debug] > Exec(early(initialize), None, None)
[debug] > Exec(initialize, None, None)
[debug] > Exec(boot, None, None)
[debug] > Exec(writeSbtVersion, None, None)
[debug] > Exec(reload, None, None)
[debug] > Exec(sbtStashOnFailure, None, None)
[debug] > Exec(onFailure loadFailed, None, None)
[debug] > Exec(loadp, None, None)
[info] welcome to sbt 1.6.2 (Amazon.com Inc. Java 1.8.0_322)
[debug]       Load.loadUnit: plugins took 125.6925ms
[debug]       Load.loadUnit: defsScala took 0.6812ms
[debug] [Loading] Scanning directory C:\Users\Nivas\.sbt\1.0\plugins
[debug] [Loading] Found non-root projects 
[debug] [Loading] Done in C:\Users\Nivas\.sbt\1.0\plugins, returning: ()
[debug] deducing auto plugins based on known facts Set(Atom(sbt.plugins.CorePlugin)) and clauses Clauses(Clause(Atom(sbt.plugins.JvmPlugin),Set(Atom(sbt.plugins.IvyPlugin)))
[debug] Clause(Atom(sbt.ScriptedPlugin),Set(Atom(sbt.plugins.JvmPlugin)))
[debug] Clause(Atom(sbt.plugins.SbtPlugin),Set(Atom(sbt.ScriptedPlugin)))
[debug] Clause(Atom(sbt.plugins.SemanticdbPlugin),Set(Atom(sbt.plugins.JvmPlugin)))
[debug] Clause(Atom(sbt.plugins.JUnitXmlReportPlugin),Set(Atom(sbt.plugins.JvmPlugin)))
[debug] Clause(Atom(sbt.plugins.MiniDependencyTreePlugin),Set(Atom(sbt.plugins.JvmPlugin)))
[debug] Clause(Atom(sbt.plugins.CorePlugin),Set(Atom(sbt.plugins.IvyPlugin)))
[debug] Clause(Atom(sbt.plugins.IvyPlugin),Set(Atom(sbt.plugins.JvmPlugin)))
[debug] Clause(Atom(sbt.plugins.JvmPlugin),Set(Atom(sbt.plugins.SemanticdbPlugin)))
[debug] Clause(Atom(sbt.plugins.JvmPlugin),Set(Atom(sbt.plugins.JUnitXmlReportPlugin)))
[debug] Clause(Atom(sbt.plugins.CorePlugin),Set(Atom(sbt.plugins.Giter8TemplatePlugin)))
[debug] Clause(Atom(sbt.plugins.JvmPlugin),Set(Atom(sbt.plugins.MiniDependencyTreePlugin))))
[debug]   :: deduced result: Matched(sbt.plugins.CorePlugin,sbt.plugins.Giter8TemplatePlugin,sbt.plugins.IvyPlugin,sbt.plugins.JvmPlugin,sbt.plugins.MiniDependencyTreePlugin,sbt.plugins.JUnitXmlReportPlugin,sbt.plugins.SemanticdbPlugin)
[debug] Plugins.deducer#function took 41.263 ms
[debug]           Load.resolveProject(global-plugins) took 92.2026ms
[debug]         Load.loadTransitive: finalizeProject(Project(id global-plugins, base: C:\Users\Nivas\.sbt\1.0\plugins, plugins: List(<none>))) took 198.3015ms
[debug] [Loading] Done in C:\Users\Nivas\.sbt\1.0\plugins, returning: (global-plugins)
[debug]       Load.loadUnit: loadedProjectsRaw took 261.2243ms
[debug]       Load.loadUnit: cleanEvalClasses took 0.3145ms
[debug]     Load.loadUnit(file:/C:/Users/Nivas/.sbt/1.0/plugins/, ...) took 401.306ms
[debug]   Load.apply: load took 793.0806ms
[debug]   Load.apply: resolveProjects took 14.7653ms
[debug]   Load.apply: finalTransforms took 122.4136ms
[debug]   Load.apply: config.delegates took 16.0007ms
[debug]   Load.apply: Def.make(settings)... took 856.3429ms
[debug]   Load.apply: structureIndex took 189.7436ms
[debug]   Load.apply: mkStreams took 2.5189ms
[info] loading global plugins from C:\Users\Nivas\.sbt\1.0\plugins
[debug] Running task... Cancel: Signal, check cycles: false, forcegc: true
[debug] Load.defaultLoad until apply took 4956.0009ms
[debug]           Load.loadUnit: plugins took 54.8487ms
[debug]           Load.loadUnit: defsScala took 0.0065ms
[debug] [Loading] Scanning directory C:\Users\Nivas\Desktop\Work\LearningScala\ConstructorDemo\project
[debug] [Loading] Found non-root projects 
[debug] [Loading] Done in C:\Users\Nivas\Desktop\Work\LearningScala\ConstructorDemo\project, returning: ()
[debug] deducing auto plugins based on known facts Set(Atom(sbt.plugins.CorePlugin)) and clauses Clauses(Clause(Atom(sbt.plugins.JvmPlugin),Set(Atom(sbt.plugins.IvyPlugin)))
[debug] Clause(Atom(sbt.ScriptedPlugin),Set(Atom(sbt.plugins.JvmPlugin)))
[debug] Clause(Atom(sbt.plugins.SbtPlugin),Set(Atom(sbt.ScriptedPlugin)))
[debug] Clause(Atom(sbt.plugins.SemanticdbPlugin),Set(Atom(sbt.plugins.JvmPlugin)))
[debug] Clause(Atom(sbt.plugins.JUnitXmlReportPlugin),Set(Atom(sbt.plugins.JvmPlugin)))
[debug] Clause(Atom(sbt.plugins.MiniDependencyTreePlugin),Set(Atom(sbt.plugins.JvmPlugin)))
[debug] Clause(Atom(sbt.plugins.CorePlugin),Set(Atom(sbt.plugins.IvyPlugin)))
[debug] Clause(Atom(sbt.plugins.IvyPlugin),Set(Atom(sbt.plugins.JvmPlugin)))
[debug] Clause(Atom(sbt.plugins.JvmPlugin),Set(Atom(sbt.plugins.SemanticdbPlugin)))
[debug] Clause(Atom(sbt.plugins.JvmPlugin),Set(Atom(sbt.plugins.JUnitXmlReportPlugin)))
[debug] Clause(Atom(sbt.plugins.CorePlugin),Set(Atom(sbt.plugins.Giter8TemplatePlugin)))
[debug] Clause(Atom(sbt.plugins.JvmPlugin),Set(Atom(sbt.plugins.MiniDependencyTreePlugin))))
[debug]   :: deduced result: Matched(sbt.plugins.CorePlugin,sbt.plugins.Giter8TemplatePlugin,sbt.plugins.IvyPlugin,sbt.plugins.JvmPlugin,sbt.plugins.MiniDependencyTreePlugin,sbt.plugins.JUnitXmlReportPlugin,sbt.plugins.SemanticdbPlugin)
[debug] Plugins.deducer#function took 10.1271 ms
[debug]               Load.resolveProject(constructordemo-build) took 11.6571ms
[debug]             Load.loadTransitive: finalizeProject(Project(id constructordemo-build, base: C:\Users\Nivas\Desktop\Work\LearningScala\ConstructorDemo\project, plugins: List(<none>))) took 27.4531ms
[debug] [Loading] Done in C:\Users\Nivas\Desktop\Work\LearningScala\ConstructorDemo\project, returning: (constructordemo-build)
[debug]           Load.loadUnit: loadedProjectsRaw took 35.142ms
[debug]           Load.loadUnit: cleanEvalClasses took 0.0188ms
[debug]         Load.loadUnit(file:/C:/Users/Nivas/Desktop/Work/LearningScala/ConstructorDemo/project/, ...) took 93.5334ms
[debug]       Load.apply: load took 111.543ms
[debug]       Load.apply: resolveProjects took 0.2695ms
[debug]       Load.apply: finalTransforms took 41.1342ms
[debug]       Load.apply: config.delegates took 4.471ms
[debug]       Load.apply: Def.make(settings)... took 209.7216ms
[debug]       Load.apply: structureIndex took 45.4215ms
[debug]       Load.apply: mkStreams took 0.0029ms
[info] loading project definition from C:\Users\Nivas\Desktop\Work\LearningScala\ConstructorDemo\project
[debug] Running task... Cancel: Signal, check cycles: false, forcegc: true
[debug]     Load.loadUnit: plugins took 3099.4899ms
[debug]     Load.loadUnit: defsScala took 0.004ms
[debug] [Loading] Scanning directory C:\Users\Nivas\Desktop\Work\LearningScala\ConstructorDemo
[debug]       Load.loadUnit: mkEval took 9.7689ms
[debug] [Loading] Found root project root w/ remaining 
[debug] deducing auto plugins based on known facts Set(Atom(sbt.plugins.CorePlugin)) and clauses Clauses(Clause(Atom(sbt.plugins.JvmPlugin),Set(Atom(sbt.plugins.IvyPlugin)))
[debug] Clause(Atom(sbt.ScriptedPlugin),Set(Atom(sbt.plugins.JvmPlugin)))
[debug] Clause(Atom(sbt.plugins.SbtPlugin),Set(Atom(sbt.ScriptedPlugin)))
[debug] Clause(Atom(sbt.plugins.SemanticdbPlugin),Set(Atom(sbt.plugins.JvmPlugin)))
[debug] Clause(Atom(sbt.plugins.JUnitXmlReportPlugin),Set(Atom(sbt.plugins.JvmPlugin)))
[debug] Clause(Atom(sbt.plugins.MiniDependencyTreePlugin),Set(Atom(sbt.plugins.JvmPlugin)))
[debug] Clause(Atom(sbt.plugins.CorePlugin),Set(Atom(sbt.plugins.IvyPlugin)))
[debug] Clause(Atom(sbt.plugins.IvyPlugin),Set(Atom(sbt.plugins.JvmPlugin)))
[debug] Clause(Atom(sbt.plugins.JvmPlugin),Set(Atom(sbt.plugins.SemanticdbPlugin)))
[debug] Clause(Atom(sbt.plugins.JvmPlugin),Set(Atom(sbt.plugins.JUnitXmlReportPlugin)))
[debug] Clause(Atom(sbt.plugins.CorePlugin),Set(Atom(sbt.plugins.Giter8TemplatePlugin)))
[debug] Clause(Atom(sbt.plugins.JvmPlugin),Set(Atom(sbt.plugins.MiniDependencyTreePlugin))))
[debug]   :: deduced result: Matched(sbt.plugins.CorePlugin,sbt.plugins.Giter8TemplatePlugin,sbt.plugins.IvyPlugin,sbt.plugins.JvmPlugin,sbt.plugins.MiniDependencyTreePlugin,sbt.plugins.JUnitXmlReportPlugin,sbt.plugins.SemanticdbPlugin)
[debug] Plugins.deducer#function took 2.3927 ms
[info] loading settings for project root from build.sbt ...
[debug]         Load.resolveProject(root) took 3.29ms
[debug]       Load.loadTransitive: finalizeProject(Project(id root, base: C:\Users\Nivas\Desktop\Work\LearningScala\ConstructorDemo, plugins: List(<none>))) took 7.1267ms
[debug] [Loading] Done in C:\Users\Nivas\Desktop\Work\LearningScala\ConstructorDemo, returning: (root)
[debug]     Load.loadUnit: loadedProjectsRaw took 3649.8231ms
[debug]     Load.loadUnit: cleanEvalClasses took 23.3224ms
[debug]   Load.loadUnit(file:/C:/Users/Nivas/Desktop/Work/LearningScala/ConstructorDemo/, ...) took 6773.5453ms
[debug] Load.apply: load took 6777.4689ms
[debug] Load.apply: resolveProjects took 0.1757ms
[debug] Load.apply: finalTransforms took 10.685ms
[debug] Load.apply: config.delegates took 0.4414ms
[debug] Load.apply: Def.make(settings)... took 150.4529ms
[debug] Load.apply: structureIndex took 69.2444ms
[debug] Load.apply: mkStreams took 0.003ms
[info] set current project to ConstructorDemo (in build file:/C:/Users/Nivas/Desktop/Work/LearningScala/ConstructorDemo/)
[debug] > Exec(sbtPopOnFailure, None, None)
[debug] > Exec(resumeFromFailure, None, None)
[debug] > Exec(notifyUsersAboutShell, None, None)
[debug] > Exec(iflast shell, None, None)
[debug] > Exec(shell, None, None)
[info] sbt server started at local:sbt-server-3a1245b99238f5d64dcd
[debug] Writing bsp connection file
[info] started sbt server
